Prism Launcher version: 9.4 (flatpak)


Launched instance in online mode

login.microsoftonline.com resolves to:
    [2603:1057:2:28::4, 2603:1056:2000:30::4, 2603:1056:2000:30::12, 2603:1056:2000:30::13, 2603:1056:2000:28::3, 2603:1056:2000:38::1, 2603:1056:2000:30::5, 2603:1057:2:38::2, 20.190.173.144, 20.190.173.128, 40.126.45.20, 20.190.173.146, 40.126.45.17, 20.190.173.129, 20.190.173.72, 20.190.173.70]


session.minecraft.net resolves to:
    [2620:1ec:bdf::33, 2620:1ec:46::33, 13.107.246.33, 13.107.213.33]


textures.minecraft.net resolves to:
    [2620:1ec:bdf::33, 2620:1ec:46::33, 13.107.246.33, 13.107.213.33]


api.mojang.com resolves to:
    [2620:1ec:bdf::33, 2620:1ec:46::33, 13.107.246.33, 13.107.213.33]


Minecraft folder is:
/home/whoami/.var/app/org.prismlauncher.PrismLauncher/data/PrismLauncher/instances/1.21.1/minecraft


Java path is:
/home/whoami/.var/app/org.prismlauncher.PrismLauncher/data/PrismLauncher/java/java-runtime-delta/bin/java


Java is version 21.0.7, using 64 (amd64) architecture, from Microsoft.


Pentium(R) Dual-Core CPU       T4300  @ 2.10GHz
Intel Corporation Mobile 4 Series Chipset Integrated Graphics Controller (rev 07)

Subsystem: Dell Dell Inspiron 1545

Kernel driver in use: i915

OpenGL version string: 2.1 Mesa 25.2.2 (git-22ded5f256)

Main Class:
  net.fabricmc.loader.impl.launch.knot.KnotClient

Native path:
  /home/whoami/.var/app/org.prismlauncher.PrismLauncher/data/PrismLauncher/instances/1.21.1/natives

Traits:
traits FirstThreadOnMacOS
traits feature:is_quick_play_multiplayer
traits XR:Initial
traits feature:is_quick_play_singleplayer

Libraries:
  /home/whoami/.var/app/org.prismlauncher.PrismLauncher/data/PrismLauncher/libraries/org/lwjgl/lwjgl-freetype-natives-linux/3.3.3/lwjgl-freetype-natives-linux-3.3.3.jar
  /home/whoami/.var/app/org.prismlauncher.PrismLauncher/data/PrismLauncher/libraries/org/lwjgl/lwjgl-freetype/3.3.3/lwjgl-freetype-3.3.3.jar
  /home/whoami/.var/app/org.prismlauncher.PrismLauncher/data/PrismLauncher/libraries/org/lwjgl/lwjgl-glfw-natives-linux/3.3.3/lwjgl-glfw-natives-linux-3.3.3.jar
  /home/whoami/.var/app/org.prismlauncher.PrismLauncher/data/PrismLauncher/libraries/org/lwjgl/lwjgl-glfw/3.3.3/lwjgl-glfw-3.3.3.jar
  /home/whoami/.var/app/org.prismlauncher.PrismLauncher/data/PrismLauncher/libraries/org/lwjgl/lwjgl-jemalloc-natives-linux/3.3.3/lwjgl-jemalloc-natives-linux-3.3.3.jar
  /home/whoami/.var/app/org.prismlauncher.PrismLauncher/data/PrismLauncher/libraries/org/lwjgl/lwjgl-jemalloc/3.3.3/lwjgl-jemalloc-3.3.3.jar
  /home/whoami/.var/app/org.prismlauncher.PrismLauncher/data/PrismLauncher/libraries/org/lwjgl/lwjgl-natives-linux/3.3.3/lwjgl-natives-linux-3.3.3.jar
  /home/whoami/.var/app/org.prismlauncher.PrismLauncher/data/PrismLauncher/libraries/org/lwjgl/lwjgl-openal-natives-linux/3.3.3/lwjgl-openal-natives-linux-3.3.3.jar
  /home/whoami/.var/app/org.prismlauncher.PrismLauncher/data/PrismLauncher/libraries/org/lwjgl/lwjgl-openal/3.3.3/lwjgl-openal-3.3.3.jar
  /home/whoami/.var/app/org.prismlauncher.PrismLauncher/data/PrismLauncher/libraries/org/lwjgl/lwjgl-opengl-natives-linux/3.3.3/lwjgl-opengl-natives-linux-3.3.3.jar
  /home/whoami/.var/app/org.prismlauncher.PrismLauncher/data/PrismLauncher/libraries/org/lwjgl/lwjgl-opengl/3.3.3/lwjgl-opengl-3.3.3.jar
  /home/whoami/.var/app/org.prismlauncher.PrismLauncher/data/PrismLauncher/libraries/org/lwjgl/lwjgl-stb-natives-linux/3.3.3/lwjgl-stb-natives-linux-3.3.3.jar
  /home/whoami/.var/app/org.prismlauncher.PrismLauncher/data/PrismLauncher/libraries/org/lwjgl/lwjgl-stb/3.3.3/lwjgl-stb-3.3.3.jar
  /home/whoami/.var/app/org.prismlauncher.PrismLauncher/data/PrismLauncher/libraries/org/lwjgl/lwjgl-tinyfd-natives-linux/3.3.3/lwjgl-tinyfd-natives-linux-3.3.3.jar
  /home/whoami/.var/app/org.prismlauncher.PrismLauncher/data/PrismLauncher/libraries/org/lwjgl/lwjgl-tinyfd/3.3.3/lwjgl-tinyfd-3.3.3.jar
  /home/whoami/.var/app/org.prismlauncher.PrismLauncher/data/PrismLauncher/libraries/org/lwjgl/lwjgl/3.3.3/lwjgl-3.3.3.jar
  /home/whoami/.var/app/org.prismlauncher.PrismLauncher/data/PrismLauncher/libraries/com/github/oshi/oshi-core/6.4.10/oshi-core-6.4.10.jar
  /home/whoami/.var/app/org.prismlauncher.PrismLauncher/data/PrismLauncher/libraries/com/google/code/gson/gson/2.10.1/gson-2.10.1.jar
  /home/whoami/.var/app/org.prismlauncher.PrismLauncher/data/PrismLauncher/libraries/com/google/guava/failureaccess/1.0.1/failureaccess-1.0.1.jar
  /home/whoami/.var/app/org.prismlauncher.PrismLauncher/data/PrismLauncher/libraries/com/google/guava/guava/32.1.2-jre/guava-32.1.2-jre.jar
  /home/whoami/.var/app/org.prismlauncher.PrismLauncher/data/PrismLauncher/libraries/com/ibm/icu/icu4j/73.2/icu4j-73.2.jar
  /home/whoami/.var/app/org.prismlauncher.PrismLauncher/data/PrismLauncher/libraries/com/mojang/authlib/6.0.54/authlib-6.0.54.jar
  /home/whoami/.var/app/org.prismlauncher.PrismLauncher/data/PrismLauncher/libraries/com/mojang/blocklist/1.0.10/blocklist-1.0.10.jar
  /home/whoami/.var/app/org.prismlauncher.PrismLauncher/data/PrismLauncher/libraries/com/mojang/brigadier/1.3.10/brigadier-1.3.10.jar
  /home/whoami/.var/app/org.prismlauncher.PrismLauncher/data/PrismLauncher/libraries/com/mojang/datafixerupper/8.0.16/datafixerupper-8.0.16.jar
  /home/whoami/.var/app/org.prismlauncher.PrismLauncher/data/PrismLauncher/libraries/com/mojang/logging/1.2.7/logging-1.2.7.jar
  /home/whoami/.var/app/org.prismlauncher.PrismLauncher/data/PrismLauncher/libraries/com/mojang/patchy/2.2.10/patchy-2.2.10.jar
  /home/whoami/.var/app/org.prismlauncher.PrismLauncher/data/PrismLauncher/libraries/com/mojang/text2speech/1.17.9/text2speech-1.17.9.jar
  /home/whoami/.var/app/org.prismlauncher.PrismLauncher/data/PrismLauncher/libraries/commons-codec/commons-codec/1.16.0/commons-codec-1.16.0.jar
  /home/whoami/.var/app/org.prismlauncher.PrismLauncher/data/PrismLauncher/libraries/commons-io/commons-io/2.15.1/commons-io-2.15.1.jar
  /home/whoami/.var/app/org.prismlauncher.PrismLauncher/data/PrismLauncher/libraries/commons-logging/commons-logging/1.2/commons-logging-1.2.jar
  /home/whoami/.var/app/org.prismlauncher.PrismLauncher/data/PrismLauncher/libraries/io/netty/netty-buffer/4.1.97.Final/netty-buffer-4.1.97.Final.jar
  /home/whoami/.var/app/org.prismlauncher.PrismLauncher/data/PrismLauncher/libraries/io/netty/netty-codec/4.1.97.Final/netty-codec-4.1.97.Final.jar
  /home/whoami/.var/app/org.prismlauncher.PrismLauncher/data/PrismLauncher/libraries/io/netty/netty-common/4.1.97.Final/netty-common-4.1.97.Final.jar
  /home/whoami/.var/app/org.prismlauncher.PrismLauncher/data/PrismLauncher/libraries/io/netty/netty-handler/4.1.97.Final/netty-handler-4.1.97.Final.jar
  /home/whoami/.var/app/org.prismlauncher.PrismLauncher/data/PrismLauncher/libraries/io/netty/netty-resolver/4.1.97.Final/netty-resolver-4.1.97.Final.jar
  /home/whoami/.var/app/org.prismlauncher.PrismLauncher/data/PrismLauncher/libraries/io/netty/netty-transport-classes-epoll/4.1.97.Final/netty-transport-classes-epoll-4.1.97.Final.jar
  /home/whoami/.var/app/org.prismlauncher.PrismLauncher/data/PrismLauncher/libraries/io/netty/netty-transport-native-epoll/4.1.97.Final/netty-transport-native-epoll-4.1.97.Final-linux-aarch_64.jar
  /home/whoami/.var/app/org.prismlauncher.PrismLauncher/data/PrismLauncher/libraries/io/netty/netty-transport-native-epoll/4.1.97.Final/netty-transport-native-epoll-4.1.97.Final-linux-x86_64.jar
  /home/whoami/.var/app/org.prismlauncher.PrismLauncher/data/PrismLauncher/libraries/io/netty/netty-transport-native-unix-common/4.1.97.Final/netty-transport-native-unix-common-4.1.97.Final.jar
  /home/whoami/.var/app/org.prismlauncher.PrismLauncher/data/PrismLauncher/libraries/io/netty/netty-transport/4.1.97.Final/netty-transport-4.1.97.Final.jar
  /home/whoami/.var/app/org.prismlauncher.PrismLauncher/data/PrismLauncher/libraries/it/unimi/dsi/fastutil/8.5.12/fastutil-8.5.12.jar
  /home/whoami/.var/app/org.prismlauncher.PrismLauncher/data/PrismLauncher/libraries/net/java/dev/jna/jna-platform/5.14.0/jna-platform-5.14.0.jar
  /home/whoami/.var/app/org.prismlauncher.PrismLauncher/data/PrismLauncher/libraries/net/java/dev/jna/jna/5.14.0/jna-5.14.0.jar
  /home/whoami/.var/app/org.prismlauncher.PrismLauncher/data/PrismLauncher/libraries/net/sf/jopt-simple/jopt-simple/5.0.4/jopt-simple-5.0.4.jar
  /home/whoami/.var/app/org.prismlauncher.PrismLauncher/data/PrismLauncher/libraries/org/apache/commons/commons-compress/1.26.0/commons-compress-1.26.0.jar
  /home/whoami/.var/app/org.prismlauncher.PrismLauncher/data/PrismLauncher/libraries/org/apache/commons/commons-lang3/3.14.0/commons-lang3-3.14.0.jar
  /home/whoami/.var/app/org.prismlauncher.PrismLauncher/data/PrismLauncher/libraries/org/apache/httpcomponents/httpclient/4.5.13/httpclient-4.5.13.jar
  /home/whoami/.var/app/org.prismlauncher.PrismLauncher/data/PrismLauncher/libraries/org/apache/httpcomponents/httpcore/4.4.16/httpcore-4.4.16.jar
  /home/whoami/.var/app/org.prismlauncher.PrismLauncher/data/PrismLauncher/libraries/org/apache/logging/log4j/log4j-api/2.22.1/log4j-api-2.22.1.jar
  /home/whoami/.var/app/org.prismlauncher.PrismLauncher/data/PrismLauncher/libraries/org/apache/logging/log4j/log4j-core/2.22.1/log4j-core-2.22.1.jar
  /home/whoami/.var/app/org.prismlauncher.PrismLauncher/data/PrismLauncher/libraries/org/apache/logging/log4j/log4j-slf4j2-impl/2.22.1/log4j-slf4j2-impl-2.22.1.jar
  /home/whoami/.var/app/org.prismlauncher.PrismLauncher/data/PrismLauncher/libraries/org/jcraft/jorbis/0.0.17/jorbis-0.0.17.jar
  /home/whoami/.var/app/org.prismlauncher.PrismLauncher/data/PrismLauncher/libraries/org/joml/joml/1.10.5/joml-1.10.5.jar
  /home/whoami/.var/app/org.prismlauncher.PrismLauncher/data/PrismLauncher/libraries/org/lz4/lz4-java/1.8.0/lz4-java-1.8.0.jar
  /home/whoami/.var/app/org.prismlauncher.PrismLauncher/data/PrismLauncher/libraries/org/slf4j/slf4j-api/2.0.9/slf4j-api-2.0.9.jar
  /home/whoami/.var/app/org.prismlauncher.PrismLauncher/data/PrismLauncher/libraries/net/fabricmc/intermediary/1.21.1/intermediary-1.21.1.jar
  /home/whoami/.var/app/org.prismlauncher.PrismLauncher/data/PrismLauncher/libraries/org/ow2/asm/asm/9.9/asm-9.9.jar
  /home/whoami/.var/app/org.prismlauncher.PrismLauncher/data/PrismLauncher/libraries/org/ow2/asm/asm-analysis/9.9/asm-analysis-9.9.jar
  /home/whoami/.var/app/org.prismlauncher.PrismLauncher/data/PrismLauncher/libraries/org/ow2/asm/asm-commons/9.9/asm-commons-9.9.jar
  /home/whoami/.var/app/org.prismlauncher.PrismLauncher/data/PrismLauncher/libraries/org/ow2/asm/asm-tree/9.9/asm-tree-9.9.jar
  /home/whoami/.var/app/org.prismlauncher.PrismLauncher/data/PrismLauncher/libraries/org/ow2/asm/asm-util/9.9/asm-util-9.9.jar
  /home/whoami/.var/app/org.prismlauncher.PrismLauncher/data/PrismLauncher/libraries/net/fabricmc/sponge-mixin/0.16.5+mixin.0.8.7/sponge-mixin-0.16.5+mixin.0.8.7.jar
  /home/whoami/.var/app/org.prismlauncher.PrismLauncher/data/PrismLauncher/libraries/net/fabricmc/fabric-loader/0.17.3/fabric-loader-0.17.3.jar
  /home/whoami/.var/app/org.prismlauncher.PrismLauncher/data/PrismLauncher/libraries/com/mojang/minecraft/1.21.1/minecraft-1.21.1-client.jar

Native libraries:

Mods:
  [✔] fabric-api-0.116.7+1.21.1
  [✔] mod-1.0.0
  [✔] sodium-extra-fabric-0.6.0+mc1.21.1
  [✔] sodium-fabric-0.6.13+mc1.21.1

Params:
  --username  --version 1.21.1 --gameDir /home/whoami/.var/app/org.prismlauncher.PrismLauncher/data/PrismLauncher/instances/1.21.1/minecraft --assetsDir /home/whoami/.var/app/org.prismlauncher.PrismLauncher/data/PrismLauncher/assets --assetIndex 17 --uuid  --accessToken  --userType  --versionType release

Window size: 854 x 480

Launcher: standard

Java Arguments:
[-Xms512m, -Xmx1955m, -Duser.language=en]


Wrapper command is:
sh -c "export MESA_GL_VERSION_OVERRIDE=4.6 MESA_GLSL_VERSION_OVERRIDE=460; exec /home/whoami/.var/app/org.prismlauncher.PrismLauncher/data/PrismLauncher/java/java-runtime-delta/bin/java "$@""


Minecraft process ID: 71


[15:14:29] [main/INFO]: Loading Minecraft 1.21.1 with Fabric Loader 0.17.3
[15:14:31] [main/WARN]: Warnings were found!
 - Mod 'Sodium Extra' (sodium-extra) 0.6.0+mc1.21.1 recommends version 1.4.2 or later of reeses-sodium-options, which is missing!
	 - You should install version 1.4.2 or later of reeses-sodium-options for the optimal experience.
[15:14:31] [main/INFO]: Loading 56 mods:
	- fabric-api 0.116.7+1.21.1
	   |-- fabric-api-base 0.4.42+6573ed8c19
	   |-- fabric-api-lookup-api-v1 1.6.71+b559734419
	   |-- fabric-biome-api-v1 13.0.31+d527f9fd19
	   |-- fabric-block-api-v1 1.1.0+0bc3503219
	   |-- fabric-block-view-api-v2 1.0.11+ebb2264e19
	   |-- fabric-blockrenderlayer-v1 1.1.52+0af3f5a719
	   |-- fabric-client-tags-api-v1 1.1.15+6573ed8c19
	   |-- fabric-command-api-v1 1.2.49+f71b366f19
	   |-- fabric-command-api-v2 2.2.28+6ced4dd919
	   |-- fabric-commands-v0 0.2.66+df3654b319
	   |-- fabric-content-registries-v0 8.0.19+b559734419
	   |-- fabric-convention-tags-v1 2.1.5+7f945d5b19
	   |-- fabric-convention-tags-v2 2.11.1+a406e79519
	   |-- fabric-crash-report-info-v1 0.2.29+0af3f5a719
	   |-- fabric-data-attachment-api-v1 1.4.5+6116a37819
	   |-- fabric-data-generation-api-v1 20.2.34+37516cd619
	   |-- fabric-dimensions-v1 4.0.1+65213ef819
	   |-- fabric-entity-events-v1 1.8.0+2b27e0a419
	   |-- fabric-events-interaction-v0 0.7.13+ba9dae0619
	   |-- fabric-game-rule-api-v1 1.0.53+6ced4dd919
	   |-- fabric-item-api-v1 11.2.0+3b3cb2e819
	   |-- fabric-item-group-api-v1 4.1.7+def88e3a19
	   |-- fabric-key-binding-api-v1 1.0.47+0af3f5a719
	   |-- fabric-keybindings-v0 0.2.45+df3654b319
	   |-- fabric-lifecycle-events-v1 2.6.0+0865547519
	   |-- fabric-loot-api-v2 3.0.15+3f89f5a519
	   |-- fabric-loot-api-v3 1.0.3+3f89f5a519
	   |-- fabric-message-api-v1 6.0.14+8aaf3aca19
	   |-- fabric-model-loading-api-v1 2.1.0+b4d813fc19
	   |-- fabric-networking-api-v1 4.3.0+c7469b2119
	   |-- fabric-object-builder-api-v1 15.2.1+40875a9319
	   |-- fabric-particles-v1 4.0.2+6573ed8c19
	   |-- fabric-recipe-api-v1 5.0.15+2475392c19
	   |-- fabric-registry-sync-v0 5.3.1+e3eddc2119
	   |-- fabric-renderer-api-v1 3.4.1+b4d813fc19
	   |-- fabric-renderer-indigo 1.7.1+c705a49c19
	   |-- fabric-renderer-registries-v1 3.2.69+df3654b319
	   |-- fabric-rendering-data-attachment-v1 0.3.49+73761d2e19
	   |-- fabric-rendering-fluids-v1 3.1.6+1daea21519
	   |-- fabric-rendering-v0 1.1.72+df3654b319
	   |-- fabric-rendering-v1 5.1.0+ab4c25a019
	   |-- fabric-resource-conditions-api-v1 4.3.0+8dc279b119
	   |-- fabric-resource-loader-v0 1.3.1+5b5275af19
	   |-- fabric-screen-api-v1 2.0.25+8b68f1c719
	   |-- fabric-screen-handler-api-v1 1.3.90+b559734419
	   |-- fabric-sound-api-v1 1.0.23+6573ed8c19
	   |-- fabric-transfer-api-v1 5.4.3+c24bd99419
	   \-- fabric-transitive-access-wideners-v1 6.2.0+45b9699719
	- fabricloader 0.17.3
	   \-- mixinextras 0.5.0
	- java 21
	- minecraft 1.21.1
	- mod 1.0.0
	- sodium 0.6.13+mc1.21.1
	- sodium-extra 0.6.0+mc1.21.1
[15:14:32] [main/INFO]: SpongePowered MIXIN Subsystem Version=0.8.7 Source=file:/home/whoami/.var/app/org.prismlauncher.PrismLauncher/data/PrismLauncher/libraries/net/fabricmc/sponge-mixin/0.16.5+mixin.0.8.7/sponge-mixin-0.16.5+mixin.0.8.7.jar Service=Knot/Fabric Env=CLIENT
[15:14:32] [main/INFO]: Compatibility level set to JAVA_17
[15:14:33] [main/INFO]: Compatibility level set to JAVA_21
[15:14:34] [main/INFO]: Loaded configuration file for Sodium: 43 options available, 0 override(s) found
[15:14:34] [main/INFO]: Loaded configuration file for Sodium Extra: 36 options available, 0 override(s) found
[15:14:38] [main/INFO]: Searching for graphics cards...
[15:14:38] [main/INFO]: Found graphics adapter: LinuxPciAdapterInfo[vendor=INTEL, name=Mobile 4 Series Chipset Integrated Graphics Controller, pciVendorId=0x8086, pciDeviceId=0x2a43]
[15:14:38] [main/INFO]: Found graphics adapter: LinuxPciAdapterInfo[vendor=INTEL, name=Mobile 4 Series Chipset Integrated Graphics Controller, pciVendorId=0x8086, pciDeviceId=0x2a42]
[15:14:41] [main/INFO]: Initializing MixinExtras via com.llamalad7.mixinextras.service.MixinExtrasServiceImpl(version=0.5.0).
[15:14:49] [Datafixer Bootstrap/INFO]: 226 Datafixer optimizations took 3637 milliseconds
[15:15:23] [main/WARN]: Unrecognized user type: offline
[15:15:25] [Render thread/INFO]: Environment: Environment[sessionHost=https://sessionserver.mojang.com, servicesHost=https://api.minecraftservices.com, name=PROD]
[15:15:25] [Render thread/INFO]: Setting user: KSW_Whoami
[15:15:27] [Render thread/INFO]: Registrando itens do mod
[15:15:27] [Render thread/INFO]: Mod inicializado com sucesso!
[15:15:28] [Render thread/INFO]: [Indigo] Different rendering plugin detected; not applying Indigo.
[15:15:31] [Render thread/INFO]: Backend library: LWJGL version 3.3.3-snapshot
[15:15:32] [Render thread/INFO]: OpenGL Vendor: Intel
[15:15:32] [Render thread/INFO]: OpenGL Renderer: Mesa Mobile Intel® GM45 Express Chipset (CTG)
[15:15:32] [Render thread/INFO]: OpenGL Version: 4.6 (Core Profile) Mesa 25.2.2 (git-22ded5f256)
[ALSOFT] (EE) Failed to connect PipeWire event context (errno: 112)
[15:15:36] [Render thread/INFO]: Reloading ResourceManager: vanilla, fabric, fabric-api, fabric-api-base, fabric-api-lookup-api-v1, fabric-biome-api-v1, fabric-block-api-v1, fabric-block-view-api-v2, fabric-blockrenderlayer-v1, fabric-client-tags-api-v1, fabric-command-api-v1, fabric-command-api-v2, fabric-commands-v0, fabric-content-registries-v0, fabric-convention-tags-v1, fabric-convention-tags-v2, fabric-crash-report-info-v1, fabric-data-attachment-api-v1, fabric-data-generation-api-v1, fabric-dimensions-v1, fabric-entity-events-v1, fabric-events-interaction-v0, fabric-game-rule-api-v1, fabric-item-api-v1, fabric-item-group-api-v1, fabric-key-binding-api-v1, fabric-keybindings-v0, fabric-lifecycle-events-v1, fabric-loot-api-v2, fabric-loot-api-v3, fabric-message-api-v1, fabric-model-loading-api-v1, fabric-networking-api-v1, fabric-object-builder-api-v1, fabric-particles-v1, fabric-recipe-api-v1, fabric-registry-sync-v0, fabric-renderer-api-v1, fabric-renderer-indigo, fabric-renderer-registries-v1, fabric-rendering-data-attachment-v1, fabric-rendering-fluids-v1, fabric-rendering-v0, fabric-rendering-v1, fabric-resource-conditions-api-v1, fabric-resource-loader-v0, fabric-screen-api-v1, fabric-screen-handler-api-v1, fabric-sound-api-v1, fabric-transfer-api-v1, fabric-transitive-access-wideners-v1, fabricloader, mod, sodium, sodium-extra
[15:15:40] [Worker-Main-1/INFO]: Found unifont_all_no_pua-15.1.05.hex, loading
[15:15:42] [Worker-Main-1/INFO]: Found unifont_jp_patch-15.1.05.hex, loading
[15:15:53] [Worker-Main-1/WARN]: Unable to load model: 'modid:block/king_coin_block' referenced from: modid:block/king_coin_block: java.io.FileNotFoundException: modid:models/block/king_coin_block.json
[15:15:53] [Worker-Main-1/WARN]: Unable to load model: 'mod:item/king_meat' referenced from: mod:item/king_meat: java.io.FileNotFoundException: mod:models/item/king_meat.json
[15:16:04] [Render thread/WARN]: Missing sound for event: minecraft:item.goat_horn.play
[15:16:04] [Render thread/WARN]: Missing sound for event: minecraft:entity.goat.screaming.horn_break
[15:16:04] [Render thread/INFO]: OpenAL initialized on device Built-in Audio Estéreo analógico
[15:16:04] [Render thread/INFO]: Sound engine started
[15:16:05] [Render thread/INFO]: Created: 1024x512x0 minecraft:textures/atlas/blocks.png-atlas
[15:16:05] [Render thread/INFO]: Created: 256x256x0 minecraft:textures/atlas/signs.png-atlas
[15:16:05] [Render thread/INFO]: Created: 512x512x0 minecraft:textures/atlas/shield_patterns.png-atlas
[15:16:05] [Render thread/INFO]: Created: 512x512x0 minecraft:textures/atlas/banner_patterns.png-atlas
[15:16:05] [Render thread/INFO]: Created: 1024x1024x0 minecraft:textures/atlas/armor_trims.png-atlas
[15:16:05] [Render thread/INFO]: Created: 128x64x0 minecraft:textures/atlas/decorated_pot.png-atlas
[15:16:05] [Render thread/INFO]: Created: 256x256x0 minecraft:textures/atlas/chest.png-atlas
[15:16:05] [Render thread/INFO]: Created: 512x256x0 minecraft:textures/atlas/shulker_boxes.png-atlas
[15:16:05] [Render thread/INFO]: Created: 512x256x0 minecraft:textures/atlas/beds.png-atlas
[15:16:07] [Render thread/INFO]: Created: 512x256x0 minecraft:textures/atlas/particles.png-atlas
[15:16:07] [Render thread/INFO]: Created: 512x256x0 minecraft:textures/atlas/paintings.png-atlas
[15:16:07] [Render thread/INFO]: Created: 256x128x0 minecraft:textures/atlas/mob_effects.png-atlas
[15:16:07] [Render thread/INFO]: Created: 64x64x0 minecraft:textures/atlas/map_decorations.png-atlas
[15:16:07] [Render thread/INFO]: Created: 1024x512x0 minecraft:textures/atlas/gui.png-atlas
[15:16:07] [Render thread/WARN]: Shader rendertype_entity_translucent_emissive could not find sampler named Sampler2 in the specified shader program.
[15:18:00] [Render thread/INFO]: Found new data pack mod, loading it automatically
[15:18:10] [Render thread/INFO]: Loaded 1290 recipes
[15:18:12] [Render thread/INFO]: Loaded 1399 advancements
[15:18:16] [Render thread/INFO]: Applied 0 biome modifications to 0 of 64 new biomes in 9.956 ms
[15:18:16] [Server thread/INFO]: Starting integrated minecraft server version 1.21.1
[15:18:16] [Server thread/INFO]: Generating keypair
[15:18:55] [Server thread/INFO]: Preparing start region for dimension minecraft:overworld
[15:18:58] [Render thread/INFO]: Preparando área de nascimento: 0%
[15:18:58] [Render thread/INFO]: Preparando área de nascimento: 0%
[15:18:58] [Render thread/INFO]: Preparando área de nascimento: 0%
[15:18:58] [Render thread/INFO]: Preparando área de nascimento: 0%
[15:18:58] [Render thread/INFO]: Preparando área de nascimento: 0%
[15:18:58] [Render thread/INFO]: Preparando área de nascimento: 0%
[15:18:58] [Render thread/INFO]: Preparando área de nascimento: 0%
[15:18:58] [Render thread/INFO]: Preparando área de nascimento: 0%
[15:18:59] [Render thread/INFO]: Preparando área de nascimento: 0%
[15:19:00] [Render thread/INFO]: Time elapsed: 5138 ms
[15:19:01] [Server thread/INFO]: Changing view distance to 2, from 10
[15:19:01] [Server thread/INFO]: Changing simulation distance to 5, from 0
[15:19:07] [Server thread/WARN]: Invalid statistic in /home/whoami/.var/app/org.prismlauncher.PrismLauncher/data/PrismLauncher/instances/1.21.1/minecraft/saves/New World/stats/8344fc61-21a7-3825-b975-0527ac7aefe3.json: Don't know what mod:red_gelatine is
[15:19:08] [Server thread/ERROR]: Tried to load invalid item: 'Unknown registry key in ResourceKey[minecraft:root / minecraft:item]: mod:red_gelatine'
[15:19:08] [Server thread/ERROR]: Tried to load invalid item: 'Unknown registry key in ResourceKey[minecraft:root / minecraft:item]: mod:red_gelatine'
[15:19:08] [Server thread/INFO]: KSW_Whoami[local:E:5b02f908] logged in with entity id 80 at (120.30000001192093, 64.0, -79.31052729863514)
[15:19:09] [Server thread/INFO]: KSW_Whoami entrou no jogo
[15:19:10] [Render thread/INFO]: Started 1 worker threads
[15:19:11] [Server thread/ERROR]: Recoverable errors when loading section [9, 3, -5]: (Unknown registry key in ResourceKey[minecraft:root / minecraft:block]: mod:red_gelatine -> using default)
[15:19:14] [Server thread/WARN]: Can't keep up! Is the server overloaded? Running 6485ms or 129 ticks behind
[15:19:14] [Render thread/INFO]: Loaded 87 advancements
[15:19:32] [Server thread/WARN]: Can't keep up! Is the server overloaded? Running 2901ms or 58 ticks behind
[15:23:10] [Render thread/INFO]: [System] [CHAT] Receita desconhecida: mod:king_coin
[15:23:21] [Render thread/INFO]: [System] [CHAT] Receita desconhecida: minecraft:coin
[15:23:46] [Server thread/INFO]: Saving and pausing game...
[15:23:46] [Server thread/INFO]: Saving chunks for level 'ServerLevel[New World]'/minecraft:overworld
[15:23:46] [Server thread/INFO]: Saving chunks for level 'ServerLevel[New World]'/minecraft:the_nether
[15:23:46] [Server thread/INFO]: Saving chunks for level 'ServerLevel[New World]'/minecraft:the_end
[15:25:58] [Server thread/INFO]: Saving and pausing game...
[15:25:58] [Server thread/INFO]: Saving chunks for level 'ServerLevel[New World]'/minecraft:overworld
[15:25:58] [Server thread/INFO]: Saving chunks for level 'ServerLevel[New World]'/minecraft:the_nether
[15:25:58] [Server thread/INFO]: Saving chunks for level 'ServerLevel[New World]'/minecraft:the_end
Clipboard copy at: 04 Nov 2025 15:26:41 -0300
Clipboard copy at: 04 Nov 2025 15:26:43 -0300
O processo foi encerrado pelo usuário.
Clipboard copy at: 04 Nov 2025 15:26:54 -0300

